# JRE version: Java(TM) SE Runtime Environment (9.0+11) (build 9.0.4+11)
# Java VM: Java HotSpot(TM) 64-Bit Server VM (9.0.4+11, mixed mode, tiered, compressed oops, g1 gc, windows-amd64)
Heap:
 garbage-first heap   total 544768K, used 218875K [0x0000000700000000, 0x00000007001010a0, 0x00000007c0000000)
  region size 1024K, 32 young (32768K), 2 survivors (2048K)
 Metaspace       used 107091K, capacity 109243K, committed 116144K, reserved 1148928K
  class space    used 14979K, capacity 15422K, committed 16816K, reserved 1048576K
GC Heap History (10 events):
Event: 60380.812 GC heap before
{Heap before GC invocations=3085 (full 333):
 garbage-first heap   total 544768K, used 248256K [0x0000000700000000, 0x00000007001010a0, 0x00000007c0000000)
  region size 1024K, 60 young (61440K), 2 survivors (2048K)
 Metaspace       used 107087K, capacity 109243K, committed 116144K, reserved 1148928K
  class space    used 14978K, capacity 15422K, committed 16816K, reserved 1048576K
}
Event: 60380.818 GC heap after
{Heap after GC invocations=3086 (full 333):
 garbage-first heap   total 544768K, used 188873K [0x0000000700000000, 0x00000007001010a0, 0x00000007c0000000)
  region size 1024K, 2 young (2048K), 2 survivors (2048K)
 Metaspace       used 107087K, capacity 109243K, committed 116144K, reserved 1148928K
  class space    used 14978K, capacity 15422K, committed 16816K, reserved 1048576K
}
Event: 60381.572 GC heap before
{Heap before GC invocations=3086 (full 333):
 garbage-first heap   total 544768K, used 248265K [0x0000000700000000, 0x00000007001010a0, 0x00000007c0000000)
  region size 1024K, 60 young (61440K), 2 survivors (2048K)
 Metaspace       used 107087K, capacity 109243K, committed 116144K, reserved 1148928K
  class space    used 14978K, capacity 15422K, committed 16816K, reserved 1048576K
}
Event: 60381.578 GC heap after
{Heap after GC invocations=3087 (full 333):
 garbage-first heap   total 544768K, used 188834K [0x0000000700000000, 0x00000007001010a0, 0x00000007c0000000)
  region size 1024K, 2 young (2048K), 2 survivors (2048K)
 Metaspace       used 107087K, capacity 109243K, committed 116144K, reserved 1148928K
  class space    used 14978K, capacity 15422K, committed 16816K, reserved 1048576K
}
Event: 60382.270 GC heap before
{Heap before GC invocations=3087 (full 333):
 garbage-first heap   total 544768K, used 248226K [0x0000000700000000, 0x00000007001010a0, 0x00000007c0000000)
  region size 1024K, 60 young (61440K), 2 survivors (2048K)
 Metaspace       used 107087K, capacity 109243K, committed 116144K, reserved 1148928K
  class space    used 14978K, capacity 15422K, committed 16816K, reserved 1048576K
}
Event: 60382.276 GC heap after
{Heap after GC invocations=3088 (full 333):
 garbage-first heap   total 544768K, used 188956K [0x0000000700000000, 0x00000007001010a0, 0x00000007c0000000)
  region size 1024K, 2 young (2048K), 2 survivors (2048K)
 Metaspace       used 107087K, capacity 109243K, committed 116144K, reserved 1148928K
  class space    used 14978K, capacity 15422K, committed 16816K, reserved 1048576K
}
Event: 60383.896 GC heap before
{Heap before GC invocations=3088 (full 333):
 garbage-first heap   total 544768K, used 248348K [0x0000000700000000, 0x00000007001010a0, 0x00000007c0000000)
  region size 1024K, 60 young (61440K), 2 survivors (2048K)
 Metaspace       used 107091K, capacity 109243K, committed 116144K, reserved 1148928K
  class space    used 14979K, capacity 15422K, committed 16816K, reserved 1048576K
}
Event: 60383.903 GC heap after
{Heap after GC invocations=3089 (full 333):
 garbage-first heap   total 544768K, used 189083K [0x0000000700000000, 0x00000007001010a0, 0x00000007c0000000)
  region size 1024K, 2 young (2048K), 2 survivors (2048K)
 Metaspace       used 107091K, capacity 109243K, committed 116144K, reserved 1148928K
  class space    used 14979K, capacity 15422K, committed 16816K, reserved 1048576K
}
Event: 60399.063 GC heap before
{Heap before GC invocations=3089 (full 333):
 garbage-first heap   total 544768K, used 248475K [0x0000000700000000, 0x00000007001010a0, 0x00000007c0000000)
  region size 1024K, 60 young (61440K), 2 survivors (2048K)
 Metaspace       used 107091K, capacity 109243K, committed 116144K, reserved 1148928K
  class space    used 14979K, capacity 15422K, committed 16816K, reserved 1048576K
}
Event: 60399.070 GC heap after
{Heap after GC invocations=3090 (full 333):
 garbage-first heap   total 544768K, used 189179K [0x0000000700000000, 0x00000007001010a0, 0x00000007c0000000)
  region size 1024K, 2 young (2048K), 2 survivors (2048K)
 Metaspace       used 107091K, capacity 109243K, committed 116144K, reserved 1148928K
  class space    used 14979K, capacity 15422K, committed 16816K, reserved 1048576K
}

